Started GET "/" for 127.0.0.1 at 2018-12-26 20:01:35 -0200
  
ActiveRecord::NoDatabaseError (FATAL:  role "marviorocha" does not exist
):
  
activerecord (5.2.2) lib/active_record/connection_adapters/postgresql_adapter.rb:696:in `rescue in connect'
activerecord (5.2.2) lib/active_record/connection_adapters/postgresql_adapter.rb:691:in `connect'
activerecord (5.2.2) lib/active_record/connection_adapters/postgresql_adapter.rb:223:in `initialize'
activerecord (5.2.2) lib/active_record/connection_adapters/postgresql_adapter.rb:48:in `new'
activerecord (5.2.2) lib/active_record/connection_adapters/postgresql_adapter.rb:48:in `postgresql_connection'
activerecord (5.2.2) lib/active_record/connection_adapters/abstract/connection_pool.rb:811:in `new_connection'
activerecord (5.2.2) lib/active_record/connection_adapters/abstract/connection_pool.rb:855:in `checkout_new_connection'
activerecord (5.2.2) lib/active_record/connection_adapters/abstract/connection_pool.rb:834:in `try_to_checkout_new_connection'
activerecord (5.2.2) lib/active_record/connection_adapters/abstract/connection_pool.rb:795:in `acquire_connection'
activerecord (5.2.2) lib/active_record/connection_adapters/abstract/connection_pool.rb:523:in `checkout'
activerecord (5.2.2) lib/active_record/connection_adapters/abstract/connection_pool.rb:382:in `connection'
activerecord (5.2.2) lib/active_record/connection_adapters/abstract/connection_pool.rb:1010:in `retrieve_connection'
activerecord (5.2.2) lib/active_record/connection_handling.rb:118:in `retrieve_connection'
activerecord (5.2.2) lib/active_record/connection_handling.rb:90:in `connection'
activerecord (5.2.2) lib/active_record/migration.rb:554:in `call'
actionpack (5.2.2) lib/action_dispatch/middleware/callbacks.rb:28:in `block in call'
activesupport (5.2.2) lib/active_support/callbacks.rb:98:in `run_callbacks'
actionpack (5.2.2) lib/action_dispatch/middleware/callbacks.rb:26:in `call'
actionpack (5.2.2) lib/action_dispatch/middleware/executor.rb:14:in `call'
actionpack (5.2.2) lib/action_dispatch/middleware/debug_exceptions.rb:61:in `call'
web-console (3.7.0) lib/web_console/middleware.rb:135:in `call_app'
web-console (3.7.0) lib/web_console/middleware.rb:30:in `block in call'
web-console (3.7.0) lib/web_console/middleware.rb:20:in `catch'
web-console (3.7.0) lib/web_console/middleware.rb:20:in `call'
actionpack (5.2.2) lib/action_dispatch/middleware/show_exceptions.rb:33:in `call'
railties (5.2.2) lib/rails/rack/logger.rb:38:in `call_app'
railties (5.2.2) lib/rails/rack/logger.rb:26:in `block in call'
activesupport (5.2.2) lib/active_support/tagged_logging.rb:71:in `block in tagged'
activesupport (5.2.2) lib/active_support/tagged_logging.rb:28:in `tagged'
activesupport (5.2.2) lib/active_support/tagged_logging.rb:71:in `tagged'
railties (5.2.2) lib/rails/rack/logger.rb:26:in `call'
sprockets-rails (3.2.1) lib/sprockets/rails/quiet_assets.rb:13:in `call'
actionpack (5.2.2) lib/action_dispatch/middleware/remote_ip.rb:81:in `call'
actionpack (5.2.2) lib/action_dispatch/middleware/request_id.rb:27:in `call'
rack (2.0.6) lib/rack/method_override.rb:22:in `call'
rack (2.0.6) lib/rack/runtime.rb:22:in `call'
activesupport (5.2.2) lib/active_support/cache/strategy/local_cache_middleware.rb:29:in `call'
actionpack (5.2.2) lib/action_dispatch/middleware/executor.rb:14:in `call'
actionpack (5.2.2) lib/action_dispatch/middleware/static.rb:127:in `call'
rack (2.0.6) lib/rack/sendfile.rb:111:in `call'
railties (5.2.2) lib/rails/engine.rb:524:in `call'
puma (3.12.0) lib/puma/configuration.rb:225:in `call'
puma (3.12.0) lib/puma/server.rb:658:in `handle_request'
puma (3.12.0) lib/puma/server.rb:472:in `process_client'
puma (3.12.0) lib/puma/server.rb:332:in `block in run'
puma (3.12.0) lib/puma/thread_pool.rb:133:in `block in spawn_thread'
Started GET "/" for 127.0.0.1 at 2018-12-26 20:03:31 -0200
  
ActiveRecord::NoDatabaseError (FATAL:  role "marviorocha" does not exist
):
  
activerecord (5.2.2) lib/active_record/connection_adapters/postgresql_adapter.rb:696:in `rescue in connect'
activerecord (5.2.2) lib/active_record/connection_adapters/postgresql_adapter.rb:691:in `connect'
activerecord (5.2.2) lib/active_record/connection_adapters/postgresql_adapter.rb:223:in `initialize'
activerecord (5.2.2) lib/active_record/connection_adapters/postgresql_adapter.rb:48:in `new'
activerecord (5.2.2) lib/active_record/connection_adapters/postgresql_adapter.rb:48:in `postgresql_connection'
activerecord (5.2.2) lib/active_record/connection_adapters/abstract/connection_pool.rb:811:in `new_connection'
activerecord (5.2.2) lib/active_record/connection_adapters/abstract/connection_pool.rb:855:in `checkout_new_connection'
activerecord (5.2.2) lib/active_record/connection_adapters/abstract/connection_pool.rb:834:in `try_to_checkout_new_connection'
activerecord (5.2.2) lib/active_record/connection_adapters/abstract/connection_pool.rb:795:in `acquire_connection'
activerecord (5.2.2) lib/active_record/connection_adapters/abstract/connection_pool.rb:523:in `checkout'
activerecord (5.2.2) lib/active_record/connection_adapters/abstract/connection_pool.rb:382:in `connection'
activerecord (5.2.2) lib/active_record/connection_adapters/abstract/connection_pool.rb:1010:in `retrieve_connection'
activerecord (5.2.2) lib/active_record/connection_handling.rb:118:in `retrieve_connection'
activerecord (5.2.2) lib/active_record/connection_handling.rb:90:in `connection'
activerecord (5.2.2) lib/active_record/migration.rb:554:in `call'
actionpack (5.2.2) lib/action_dispatch/middleware/callbacks.rb:28:in `block in call'
activesupport (5.2.2) lib/active_support/callbacks.rb:98:in `run_callbacks'
actionpack (5.2.2) lib/action_dispatch/middleware/callbacks.rb:26:in `call'
actionpack (5.2.2) lib/action_dispatch/middleware/executor.rb:14:in `call'
actionpack (5.2.2) lib/action_dispatch/middleware/debug_exceptions.rb:61:in `call'
web-console (3.7.0) lib/web_console/middleware.rb:135:in `call_app'
web-console (3.7.0) lib/web_console/middleware.rb:30:in `block in call'
web-console (3.7.0) lib/web_console/middleware.rb:20:in `catch'
web-console (3.7.0) lib/web_console/middleware.rb:20:in `call'
actionpack (5.2.2) lib/action_dispatch/middleware/show_exceptions.rb:33:in `call'
railties (5.2.2) lib/rails/rack/logger.rb:38:in `call_app'
railties (5.2.2) lib/rails/rack/logger.rb:26:in `block in call'
activesupport (5.2.2) lib/active_support/tagged_logging.rb:71:in `block in tagged'
activesupport (5.2.2) lib/active_support/tagged_logging.rb:28:in `tagged'
activesupport (5.2.2) lib/active_support/tagged_logging.rb:71:in `tagged'
railties (5.2.2) lib/rails/rack/logger.rb:26:in `call'
sprockets-rails (3.2.1) lib/sprockets/rails/quiet_assets.rb:13:in `call'
actionpack (5.2.2) lib/action_dispatch/middleware/remote_ip.rb:81:in `call'
actionpack (5.2.2) lib/action_dispatch/middleware/request_id.rb:27:in `call'
rack (2.0.6) lib/rack/method_override.rb:22:in `call'
rack (2.0.6) lib/rack/runtime.rb:22:in `call'
activesupport (5.2.2) lib/active_support/cache/strategy/local_cache_middleware.rb:29:in `call'
actionpack (5.2.2) lib/action_dispatch/middleware/executor.rb:14:in `call'
actionpack (5.2.2) lib/action_dispatch/middleware/static.rb:127:in `call'
rack (2.0.6) lib/rack/sendfile.rb:111:in `call'
railties (5.2.2) lib/rails/engine.rb:524:in `call'
puma (3.12.0) lib/puma/configuration.rb:225:in `call'
puma (3.12.0) lib/puma/server.rb:658:in `handle_request'
puma (3.12.0) lib/puma/server.rb:472:in `process_client'
puma (3.12.0) lib/puma/server.rb:332:in `block in run'
puma (3.12.0) lib/puma/thread_pool.rb:133:in `block in spawn_thread'
Started GET "/" for 127.0.0.1 at 2018-12-26 20:04:32 -0200
  
ActiveRecord::NoDatabaseError (FATAL:  role "marviorocha" does not exist
):
  
activerecord (5.2.2) lib/active_record/connection_adapters/postgresql_adapter.rb:696:in `rescue in connect'
activerecord (5.2.2) lib/active_record/connection_adapters/postgresql_adapter.rb:691:in `connect'
activerecord (5.2.2) lib/active_record/connection_adapters/postgresql_adapter.rb:223:in `initialize'
activerecord (5.2.2) lib/active_record/connection_adapters/postgresql_adapter.rb:48:in `new'
activerecord (5.2.2) lib/active_record/connection_adapters/postgresql_adapter.rb:48:in `postgresql_connection'
activerecord (5.2.2) lib/active_record/connection_adapters/abstract/connection_pool.rb:811:in `new_connection'
activerecord (5.2.2) lib/active_record/connection_adapters/abstract/connection_pool.rb:855:in `checkout_new_connection'
activerecord (5.2.2) lib/active_record/connection_adapters/abstract/connection_pool.rb:834:in `try_to_checkout_new_connection'
activerecord (5.2.2) lib/active_record/connection_adapters/abstract/connection_pool.rb:795:in `acquire_connection'
activerecord (5.2.2) lib/active_record/connection_adapters/abstract/connection_pool.rb:523:in `checkout'
activerecord (5.2.2) lib/active_record/connection_adapters/abstract/connection_pool.rb:382:in `connection'
activerecord (5.2.2) lib/active_record/connection_adapters/abstract/connection_pool.rb:1010:in `retrieve_connection'
activerecord (5.2.2) lib/active_record/connection_handling.rb:118:in `retrieve_connection'
activerecord (5.2.2) lib/active_record/connection_handling.rb:90:in `connection'
activerecord (5.2.2) lib/active_record/migration.rb:554:in `call'
actionpack (5.2.2) lib/action_dispatch/middleware/callbacks.rb:28:in `block in call'
activesupport (5.2.2) lib/active_support/callbacks.rb:98:in `run_callbacks'
actionpack (5.2.2) lib/action_dispatch/middleware/callbacks.rb:26:in `call'
actionpack (5.2.2) lib/action_dispatch/middleware/executor.rb:14:in `call'
actionpack (5.2.2) lib/action_dispatch/middleware/debug_exceptions.rb:61:in `call'
web-console (3.7.0) lib/web_console/middleware.rb:135:in `call_app'
web-console (3.7.0) lib/web_console/middleware.rb:30:in `block in call'
web-console (3.7.0) lib/web_console/middleware.rb:20:in `catch'
web-console (3.7.0) lib/web_console/middleware.rb:20:in `call'
actionpack (5.2.2) lib/action_dispatch/middleware/show_exceptions.rb:33:in `call'
railties (5.2.2) lib/rails/rack/logger.rb:38:in `call_app'
railties (5.2.2) lib/rails/rack/logger.rb:26:in `block in call'
activesupport (5.2.2) lib/active_support/tagged_logging.rb:71:in `block in tagged'
activesupport (5.2.2) lib/active_support/tagged_logging.rb:28:in `tagged'
activesupport (5.2.2) lib/active_support/tagged_logging.rb:71:in `tagged'
railties (5.2.2) lib/rails/rack/logger.rb:26:in `call'
sprockets-rails (3.2.1) lib/sprockets/rails/quiet_assets.rb:13:in `call'
actionpack (5.2.2) lib/action_dispatch/middleware/remote_ip.rb:81:in `call'
actionpack (5.2.2) lib/action_dispatch/middleware/request_id.rb:27:in `call'
rack (2.0.6) lib/rack/method_override.rb:22:in `call'
rack (2.0.6) lib/rack/runtime.rb:22:in `call'
activesupport (5.2.2) lib/active_support/cache/strategy/local_cache_middleware.rb:29:in `call'
actionpack (5.2.2) lib/action_dispatch/middleware/executor.rb:14:in `call'
actionpack (5.2.2) lib/action_dispatch/middleware/static.rb:127:in `call'
rack (2.0.6) lib/rack/sendfile.rb:111:in `call'
railties (5.2.2) lib/rails/engine.rb:524:in `call'
puma (3.12.0) lib/puma/configuration.rb:225:in `call'
puma (3.12.0) lib/puma/server.rb:658:in `handle_request'
puma (3.12.0) lib/puma/server.rb:472:in `process_client'
puma (3.12.0) lib/puma/server.rb:332:in `block in run'
puma (3.12.0) lib/puma/thread_pool.rb:133:in `block in spawn_thread'
Started GET "/" for 127.0.0.1 at 2018-12-26 20:08:11 -0200
  
ActiveRecord::NoDatabaseError (FATAL:  database "cartaomaispet_development" does not exist
):
  
activerecord (5.2.2) lib/active_record/connection_adapters/postgresql_adapter.rb:696:in `rescue in connect'
activerecord (5.2.2) lib/active_record/connection_adapters/postgresql_adapter.rb:691:in `connect'
activerecord (5.2.2) lib/active_record/connection_adapters/postgresql_adapter.rb:223:in `initialize'
activerecord (5.2.2) lib/active_record/connection_adapters/postgresql_adapter.rb:48:in `new'
activerecord (5.2.2) lib/active_record/connection_adapters/postgresql_adapter.rb:48:in `postgresql_connection'
activerecord (5.2.2) lib/active_record/connection_adapters/abstract/connection_pool.rb:811:in `new_connection'
activerecord (5.2.2) lib/active_record/connection_adapters/abstract/connection_pool.rb:855:in `checkout_new_connection'
activerecord (5.2.2) lib/active_record/connection_adapters/abstract/connection_pool.rb:834:in `try_to_checkout_new_connection'
activerecord (5.2.2) lib/active_record/connection_adapters/abstract/connection_pool.rb:795:in `acquire_connection'
activerecord (5.2.2) lib/active_record/connection_adapters/abstract/connection_pool.rb:523:in `checkout'
activerecord (5.2.2) lib/active_record/connection_adapters/abstract/connection_pool.rb:382:in `connection'
activerecord (5.2.2) lib/active_record/connection_adapters/abstract/connection_pool.rb:1010:in `retrieve_connection'
activerecord (5.2.2) lib/active_record/connection_handling.rb:118:in `retrieve_connection'
activerecord (5.2.2) lib/active_record/connection_handling.rb:90:in `connection'
activerecord (5.2.2) lib/active_record/migration.rb:554:in `call'
actionpack (5.2.2) lib/action_dispatch/middleware/callbacks.rb:28:in `block in call'
activesupport (5.2.2) lib/active_support/callbacks.rb:98:in `run_callbacks'
actionpack (5.2.2) lib/action_dispatch/middleware/callbacks.rb:26:in `call'
actionpack (5.2.2) lib/action_dispatch/middleware/executor.rb:14:in `call'
actionpack (5.2.2) lib/action_dispatch/middleware/debug_exceptions.rb:61:in `call'
web-console (3.7.0) lib/web_console/middleware.rb:135:in `call_app'
web-console (3.7.0) lib/web_console/middleware.rb:30:in `block in call'
web-console (3.7.0) lib/web_console/middleware.rb:20:in `catch'
web-console (3.7.0) lib/web_console/middleware.rb:20:in `call'
actionpack (5.2.2) lib/action_dispatch/middleware/show_exceptions.rb:33:in `call'
railties (5.2.2) lib/rails/rack/logger.rb:38:in `call_app'
railties (5.2.2) lib/rails/rack/logger.rb:26:in `block in call'
activesupport (5.2.2) lib/active_support/tagged_logging.rb:71:in `block in tagged'
activesupport (5.2.2) lib/active_support/tagged_logging.rb:28:in `tagged'
activesupport (5.2.2) lib/active_support/tagged_logging.rb:71:in `tagged'
railties (5.2.2) lib/rails/rack/logger.rb:26:in `call'
sprockets-rails (3.2.1) lib/sprockets/rails/quiet_assets.rb:13:in `call'
actionpack (5.2.2) lib/action_dispatch/middleware/remote_ip.rb:81:in `call'
actionpack (5.2.2) lib/action_dispatch/middleware/request_id.rb:27:in `call'
rack (2.0.6) lib/rack/method_override.rb:22:in `call'
rack (2.0.6) lib/rack/runtime.rb:22:in `call'
activesupport (5.2.2) lib/active_support/cache/strategy/local_cache_middleware.rb:29:in `call'
actionpack (5.2.2) lib/action_dispatch/middleware/executor.rb:14:in `call'
actionpack (5.2.2) lib/action_dispatch/middleware/static.rb:127:in `call'
rack (2.0.6) lib/rack/sendfile.rb:111:in `call'
railties (5.2.2) lib/rails/engine.rb:524:in `call'
puma (3.12.0) lib/puma/configuration.rb:225:in `call'
puma (3.12.0) lib/puma/server.rb:658:in `handle_request'
puma (3.12.0) lib/puma/server.rb:472:in `process_client'
puma (3.12.0) lib/puma/server.rb:332:in `block in run'
puma (3.12.0) lib/puma/thread_pool.rb:133:in `block in spawn_thread'
  [1m[35m (242.6ms)[0m  [1m[35mCREATE DATABASE "cartaomaispet_development" ENCODING = 'unicode'[0m
  ↳ /home/marviorocha/.rvm/gems/ruby-2.5.3/bin/rake:23
  [1m[35m (242.1ms)[0m  [1m[35mCREATE DATABASE "cartaomaispet_test" ENCODING = 'unicode'[0m
  ↳ /home/marviorocha/.rvm/gems/ruby-2.5.3/bin/rake:23
Started GET "/" for 127.0.0.1 at 2018-12-26 20:08:32 -0200
  
ActiveRecord::PendingMigrationError (

Migrations are pending. To resolve this issue, run:

        bin/rails db:migrate RAILS_ENV=development

):
  
activerecord (5.2.2) lib/active_record/migration.rb:579:in `check_pending!'
activerecord (5.2.2) lib/active_record/migration.rb:556:in `call'
actionpack (5.2.2) lib/action_dispatch/middleware/callbacks.rb:28:in `block in call'
activesupport (5.2.2) lib/active_support/callbacks.rb:98:in `run_callbacks'
actionpack (5.2.2) lib/action_dispatch/middleware/callbacks.rb:26:in `call'
actionpack (5.2.2) lib/action_dispatch/middleware/executor.rb:14:in `call'
actionpack (5.2.2) lib/action_dispatch/middleware/debug_exceptions.rb:61:in `call'
web-console (3.7.0) lib/web_console/middleware.rb:135:in `call_app'
web-console (3.7.0) lib/web_console/middleware.rb:30:in `block in call'
web-console (3.7.0) lib/web_console/middleware.rb:20:in `catch'
web-console (3.7.0) lib/web_console/middleware.rb:20:in `call'
actionpack (5.2.2) lib/action_dispatch/middleware/show_exceptions.rb:33:in `call'
railties (5.2.2) lib/rails/rack/logger.rb:38:in `call_app'
railties (5.2.2) lib/rails/rack/logger.rb:26:in `block in call'
activesupport (5.2.2) lib/active_support/tagged_logging.rb:71:in `block in tagged'
activesupport (5.2.2) lib/active_support/tagged_logging.rb:28:in `tagged'
activesupport (5.2.2) lib/active_support/tagged_logging.rb:71:in `tagged'
railties (5.2.2) lib/rails/rack/logger.rb:26:in `call'
sprockets-rails (3.2.1) lib/sprockets/rails/quiet_assets.rb:13:in `call'
actionpack (5.2.2) lib/action_dispatch/middleware/remote_ip.rb:81:in `call'
actionpack (5.2.2) lib/action_dispatch/middleware/request_id.rb:27:in `call'
rack (2.0.6) lib/rack/method_override.rb:22:in `call'
rack (2.0.6) lib/rack/runtime.rb:22:in `call'
activesupport (5.2.2) lib/active_support/cache/strategy/local_cache_middleware.rb:29:in `call'
actionpack (5.2.2) lib/action_dispatch/middleware/executor.rb:14:in `call'
actionpack (5.2.2) lib/action_dispatch/middleware/static.rb:127:in `call'
rack (2.0.6) lib/rack/sendfile.rb:111:in `call'
railties (5.2.2) lib/rails/engine.rb:524:in `call'
puma (3.12.0) lib/puma/configuration.rb:225:in `call'
puma (3.12.0) lib/puma/server.rb:658:in `handle_request'
puma (3.12.0) lib/puma/server.rb:472:in `process_client'
puma (3.12.0) lib/puma/server.rb:332:in `block in run'
puma (3.12.0) lib/puma/thread_pool.rb:133:in `block in spawn_thread'
  [1m[35m (9.0ms)[0m  [1m[35mCREATE TABLE "schema_migrations" ("version" character varying NOT NULL PRIMARY KEY)[0m
  ↳ /home/marviorocha/.rvm/gems/ruby-2.5.3/bin/rake:23
  [1m[35m (5.1ms)[0m  [1m[35mCREATE TABLE "ar_internal_metadata" ("key" character varying NOT NULL PRIMARY KEY, "value" character varying, "created_at" timestamp NOT NULL, "updated_at" timestamp NOT NULL)[0m
  ↳ /home/marviorocha/.rvm/gems/ruby-2.5.3/bin/rake:23
  [1m[35m (0.2ms)[0m  [1m[34mSELECT pg_try_advisory_lock(3177143523758498805)[0m
  ↳ /home/marviorocha/.rvm/gems/ruby-2.5.3/bin/rake:23
  [1m[35m (0.5ms)[0m  [1m[34mSELECT "schema_migrations"."version" FROM "schema_migrations" ORDER BY "schema_migrations"."version" ASC[0m
  ↳ /home/marviorocha/.rvm/gems/ruby-2.5.3/bin/rake:23
Migrating to DeviseCreateUsers (20181022135136)
  [1m[35m (0.1ms)[0m  [1m[35mBEGIN[0m
  ↳ /home/marviorocha/.rvm/gems/ruby-2.5.3/bin/rake:23
  [1m[35m (3.1ms)[0m  [1m[35mCREATE TABLE "users" ("id" bigserial primary key, "email" character varying DEFAULT '' NOT NULL, "encrypted_password" character varying DEFAULT '' NOT NULL, "reset_password_token" character varying, "reset_password_sent_at" timestamp, "remember_created_at" timestamp, "created_at" timestamp NOT NULL, "updated_at" timestamp NOT NULL)[0m
  ↳ db/migrate/20181022135136_devise_create_users.rb:5
  [1m[35m (0.8ms)[0m  [1m[35mCREATE UNIQUE INDEX  "index_users_on_email" ON "users"  ("email")[0m
  ↳ db/migrate/20181022135136_devise_create_users.rb:39
  [1m[35m (0.7ms)[0m  [1m[35mCREATE UNIQUE INDEX  "index_users_on_reset_password_token" ON "users"  ("reset_password_token")[0m
  ↳ db/migrate/20181022135136_devise_create_users.rb:40
  [1m[36mActiveRecord::SchemaMigration Create (0.4ms)[0m  [1m[32mINSERT INTO "schema_migrations" ("version") VALUES ($1) RETURNING "version"[0m  [["version", "20181022135136"]]
  ↳ /home/marviorocha/.rvm/gems/ruby-2.5.3/bin/rake:23
  [1m[35m (0.4ms)[0m  [1m[35mCOMMIT[0m
  ↳ /home/marviorocha/.rvm/gems/ruby-2.5.3/bin/rake:23
Migrating to CreatePetshops (20181026155424)
  [1m[35m (0.1ms)[0m  [1m[35mBEGIN[0m
  ↳ /home/marviorocha/.rvm/gems/ruby-2.5.3/bin/rake:23
  [1m[35m (2.5ms)[0m  [1m[35mCREATE TABLE "petshops" ("id" bigserial primary key, "title" character varying, "address" character varying, "phone" integer, "cep" integer, "estado" character varying, "cidade" character varying, "descricao" text, "created_at" timestamp NOT NULL, "updated_at" timestamp NOT NULL)[0m
  ↳ db/migrate/20181026155424_create_petshops.rb:3
  [1m[36mActiveRecord::SchemaMigration Create (0.3ms)[0m  [1m[32mINSERT INTO "schema_migrations" ("version") VALUES ($1) RETURNING "version"[0m  [["version", "20181026155424"]]
  ↳ /home/marviorocha/.rvm/gems/ruby-2.5.3/bin/rake:23
  [1m[35m (0.3ms)[0m  [1m[35mCOMMIT[0m
  ↳ /home/marviorocha/.rvm/gems/ruby-2.5.3/bin/rake:23
Migrating to AddNamesToUser (20181104011436)
  [1m[35m (0.1ms)[0m  [1m[35mBEGIN[0m
  ↳ /home/marviorocha/.rvm/gems/ruby-2.5.3/bin/rake:23
  [1m[35m (0.3ms)[0m  [1m[35mALTER TABLE "users" ADD "name" character varying[0m
  ↳ db/migrate/20181104011436_add_names_to_user.rb:3
  [1m[35m (0.2ms)[0m  [1m[35mALTER TABLE "users" ADD "last_name" character varying[0m
  ↳ db/migrate/20181104011436_add_names_to_user.rb:4
  [1m[35m (0.2ms)[0m  [1m[35mALTER TABLE "users" ADD "role" character varying[0m
  ↳ db/migrate/20181104011436_add_names_to_user.rb:5
  [1m[36mActiveRecord::SchemaMigration Create (0.2ms)[0m  [1m[32mINSERT INTO "schema_migrations" ("version") VALUES ($1) RETURNING "version"[0m  [["version", "20181104011436"]]
  ↳ /home/marviorocha/.rvm/gems/ruby-2.5.3/bin/rake:23
  [1m[35m (0.2ms)[0m  [1m[35mCOMMIT[0m
  ↳ /home/marviorocha/.rvm/gems/ruby-2.5.3/bin/rake:23
Migrating to CreateCategories (20181126183320)
  [1m[35m (0.1ms)[0m  [1m[35mBEGIN[0m
  ↳ /home/marviorocha/.rvm/gems/ruby-2.5.3/bin/rake:23
  [1m[35m (3.2ms)[0m  [1m[35mCREATE TABLE "categories" ("id" bigserial primary key, "name" character varying, "petshop_id" bigint, "created_at" timestamp NOT NULL, "updated_at" timestamp NOT NULL, CONSTRAINT "fk_rails_e715a3ecbb"
FOREIGN KEY ("petshop_id")
  REFERENCES "petshops" ("id")
)[0m
  ↳ db/migrate/20181126183320_create_categories.rb:3
  [1m[35m (1.0ms)[0m  [1m[35mCREATE  INDEX  "index_categories_on_petshop_id" ON "categories"  ("petshop_id")[0m
  ↳ db/migrate/20181126183320_create_categories.rb:3
  [1m[36mActiveRecord::SchemaMigration Create (0.2ms)[0m  [1m[32mINSERT INTO "schema_migrations" ("version") VALUES ($1) RETURNING "version"[0m  [["version", "20181126183320"]]
  ↳ /home/marviorocha/.rvm/gems/ruby-2.5.3/bin/rake:23
  [1m[35m (0.3ms)[0m  [1m[35mCOMMIT[0m
  ↳ /home/marviorocha/.rvm/gems/ruby-2.5.3/bin/rake:23
Migrating to CreateAnimals (20181126191253)
  [1m[35m (0.1ms)[0m  [1m[35mBEGIN[0m
  ↳ /home/marviorocha/.rvm/gems/ruby-2.5.3/bin/rake:23
  [1m[35m (2.9ms)[0m  [1m[35mCREATE TABLE "animals" ("id" bigserial primary key, "name" character varying, "age" integer, "raca" character varying, "vacinacao" character varying, "sexo" boolean, "descricao" character varying, "user_id" bigint, "created_at" timestamp NOT NULL, "updated_at" timestamp NOT NULL, CONSTRAINT "fk_rails_d15d81e8bb"
FOREIGN KEY ("user_id")
  REFERENCES "users" ("id")
)[0m
  ↳ db/migrate/20181126191253_create_animals.rb:3
  [1m[35m (0.7ms)[0m  [1m[35mCREATE  INDEX  "index_animals_on_user_id" ON "animals"  ("user_id")[0m
  ↳ db/migrate/20181126191253_create_animals.rb:3
  [1m[36mActiveRecord::SchemaMigration Create (0.2ms)[0m  [1m[32mINSERT INTO "schema_migrations" ("version") VALUES ($1) RETURNING "version"[0m  [["version", "20181126191253"]]
  ↳ /home/marviorocha/.rvm/gems/ruby-2.5.3/bin/rake:23
  [1m[35m (0.4ms)[0m  [1m[35mCOMMIT[0m
  ↳ /home/marviorocha/.rvm/gems/ruby-2.5.3/bin/rake:23
Migrating to CreateFavorites (20181126191613)
  [1m[35m (0.1ms)[0m  [1m[35mBEGIN[0m
  ↳ /home/marviorocha/.rvm/gems/ruby-2.5.3/bin/rake:23
  [1m[35m (3.5ms)[0m  [1m[35mCREATE TABLE "favorites" ("id" bigserial primary key, "favorite_name" character varying, "petshop_id" bigint, "user_id" bigint, "created_at" timestamp NOT NULL, "updated_at" timestamp NOT NULL, CONSTRAINT "fk_rails_455f5c65b9"
FOREIGN KEY ("petshop_id")
  REFERENCES "petshops" ("id")
, CONSTRAINT "fk_rails_d15744e438"
FOREIGN KEY ("user_id")
  REFERENCES "users" ("id")
)[0m
  ↳ db/migrate/20181126191613_create_favorites.rb:3
  [1m[35m (0.7ms)[0m  [1m[35mCREATE  INDEX  "index_favorites_on_petshop_id" ON "favorites"  ("petshop_id")[0m
  ↳ db/migrate/20181126191613_create_favorites.rb:3
  [1m[35m (0.9ms)[0m  [1m[35mCREATE  INDEX  "index_favorites_on_user_id" ON "favorites"  ("user_id")[0m
  ↳ db/migrate/20181126191613_create_favorites.rb:3
  [1m[36mActiveRecord::SchemaMigration Create (0.3ms)[0m  [1m[32mINSERT INTO "schema_migrations" ("version") VALUES ($1) RETURNING "version"[0m  [["version", "20181126191613"]]
  ↳ /home/marviorocha/.rvm/gems/ruby-2.5.3/bin/rake:23
  [1m[35m (0.8ms)[0m  [1m[35mCOMMIT[0m
  ↳ /home/marviorocha/.rvm/gems/ruby-2.5.3/bin/rake:23
Migrating to CreateCalendars (20181126232033)
  [1m[35m (0.6ms)[0m  [1m[35mBEGIN[0m
  ↳ /home/marviorocha/.rvm/gems/ruby-2.5.3/bin/rake:23
  [1m[35m (3.6ms)[0m  [1m[35mCREATE TABLE "calendars" ("id" bigserial primary key, "date" date, "horario" timestamp, "periodo" boolean, "petshop_id" bigint, "created_at" timestamp NOT NULL, "updated_at" timestamp NOT NULL, CONSTRAINT "fk_rails_c4543759e2"
FOREIGN KEY ("petshop_id")
  REFERENCES "petshops" ("id")
)[0m
  ↳ db/migrate/20181126232033_create_calendars.rb:3
  [1m[35m (1.0ms)[0m  [1m[35mCREATE  INDEX  "index_calendars_on_petshop_id" ON "calendars"  ("petshop_id")[0m
  ↳ db/migrate/20181126232033_create_calendars.rb:3
  [1m[36mActiveRecord::SchemaMigration Create (0.3ms)[0m  [1m[32mINSERT INTO "schema_migrations" ("version") VALUES ($1) RETURNING "version"[0m  [["version", "20181126232033"]]
  ↳ /home/marviorocha/.rvm/gems/ruby-2.5.3/bin/rake:23
  [1m[35m (0.4ms)[0m  [1m[35mCOMMIT[0m
  ↳ /home/marviorocha/.rvm/gems/ruby-2.5.3/bin/rake:23
Migrating to CreateDiscounts (20181128215058)
  [1m[35m (0.1ms)[0m  [1m[35mBEGIN[0m
  ↳ /home/marviorocha/.rvm/gems/ruby-2.5.3/bin/rake:23
  [1m[35m (2.7ms)[0m  [1m[35mCREATE TABLE "discounts" ("id" bigserial primary key, "valor" integer, "petshop_id" bigint, "created_at" timestamp NOT NULL, "updated_at" timestamp NOT NULL, CONSTRAINT "fk_rails_c9affa719f"
FOREIGN KEY ("petshop_id")
  REFERENCES "petshops" ("id")
)[0m
  ↳ db/migrate/20181128215058_create_discounts.rb:3
  [1m[35m (1.0ms)[0m  [1m[35mCREATE  INDEX  "index_discounts_on_petshop_id" ON "discounts"  ("petshop_id")[0m
  ↳ db/migrate/20181128215058_create_discounts.rb:3
  [1m[36mActiveRecord::SchemaMigration Create (0.3ms)[0m  [1m[32mINSERT INTO "schema_migrations" ("version") VALUES ($1) RETURNING "version"[0m  [["version", "20181128215058"]]
  ↳ /home/marviorocha/.rvm/gems/ruby-2.5.3/bin/rake:23
  [1m[35m (0.4ms)[0m  [1m[35mCOMMIT[0m
  ↳ /home/marviorocha/.rvm/gems/ruby-2.5.3/bin/rake:23
Migrating to CreateActiveStorageTables (20181203221554)
  [1m[35m (0.2ms)[0m  [1m[35mBEGIN[0m
  ↳ /home/marviorocha/.rvm/gems/ruby-2.5.3/bin/rake:23
  [1m[35m (3.4ms)[0m  [1m[35mCREATE TABLE "active_storage_blobs" ("id" bigserial primary key, "key" character varying NOT NULL, "filename" character varying NOT NULL, "content_type" character varying, "metadata" text, "byte_size" bigint NOT NULL, "checksum" character varying NOT NULL, "created_at" timestamp NOT NULL)[0m
  ↳ db/migrate/20181203221554_create_active_storage_tables.active_storage.rb:4
  [1m[35m (1.0ms)[0m  [1m[35mCREATE UNIQUE INDEX  "index_active_storage_blobs_on_key" ON "active_storage_blobs"  ("key")[0m
  ↳ db/migrate/20181203221554_create_active_storage_tables.active_storage.rb:4
  [1m[35m (3.4ms)[0m  [1m[35mCREATE TABLE "active_storage_attachments" ("id" bigserial primary key, "name" character varying NOT NULL, "record_type" character varying NOT NULL, "record_id" bigint NOT NULL, "blob_id" bigint NOT NULL, "created_at" timestamp NOT NULL)[0m
  ↳ db/migrate/20181203221554_create_active_storage_tables.active_storage.rb:16
  [1m[35m (0.8ms)[0m  [1m[35mCREATE  INDEX  "index_active_storage_attachments_on_blob_id" ON "active_storage_attachments"  ("blob_id")[0m
  ↳ db/migrate/20181203221554_create_active_storage_tables.active_storage.rb:16
  [1m[35m (4.9ms)[0m  [1m[35mCREATE UNIQUE INDEX  "index_active_storage_attachments_uniqueness" ON "active_storage_attachments"  ("record_type", "record_id", "name", "blob_id")[0m
  ↳ db/migrate/20181203221554_create_active_storage_tables.active_storage.rb:16
  [1m[36mActiveRecord::SchemaMigration Create (0.3ms)[0m  [1m[32mINSERT INTO "schema_migrations" ("version") VALUES ($1) RETURNING "version"[0m  [["version", "20181203221554"]]
  ↳ /home/marviorocha/.rvm/gems/ruby-2.5.3/bin/rake:23
  [1m[35m (0.5ms)[0m  [1m[35mCOMMIT[0m
  ↳ /home/marviorocha/.rvm/gems/ruby-2.5.3/bin/rake:23
Migrating to AddUserToPetshops (20181205000559)
  [1m[35m (0.2ms)[0m  [1m[35mBEGIN[0m
  ↳ /home/marviorocha/.rvm/gems/ruby-2.5.3/bin/rake:23
  [1m[35m (0.4ms)[0m  [1m[35mALTER TABLE "petshops" ADD "user_id" bigint[0m
  ↳ db/migrate/20181205000559_add_user_to_petshops.rb:3
  [1m[35m (1.1ms)[0m  [1m[35mCREATE  INDEX  "index_petshops_on_user_id" ON "petshops"  ("user_id")[0m
  ↳ db/migrate/20181205000559_add_user_to_petshops.rb:3
  [1m[35m (4.7ms)[0m  [1m[35mALTER TABLE "petshops" ADD CONSTRAINT "fk_rails_9a5c1f73a2"
FOREIGN KEY ("user_id")
  REFERENCES "users" ("id")
[0m
  ↳ db/migrate/20181205000559_add_user_to_petshops.rb:3
  [1m[36mActiveRecord::SchemaMigration Create (0.4ms)[0m  [1m[32mINSERT INTO "schema_migrations" ("version") VALUES ($1) RETURNING "version"[0m  [["version", "20181205000559"]]
  ↳ /home/marviorocha/.rvm/gems/ruby-2.5.3/bin/rake:23
  [1m[35m (0.3ms)[0m  [1m[35mCOMMIT[0m
  ↳ /home/marviorocha/.rvm/gems/ruby-2.5.3/bin/rake:23
  [1m[36mActiveRecord::InternalMetadata Load (0.4ms)[0m  [1m[34mSELECT  "ar_internal_metadata".* FROM "ar_internal_metadata" WHERE "ar_internal_metadata"."key" = $1 LIMIT $2[0m  [["key", "environment"], ["LIMIT", 1]]
  ↳ /home/marviorocha/.rvm/gems/ruby-2.5.3/bin/rake:23
  [1m[35m (0.2ms)[0m  [1m[35mBEGIN[0m
  ↳ /home/marviorocha/.rvm/gems/ruby-2.5.3/bin/rake:23
  [1m[36mActiveRecord::InternalMetadata Create (0.4ms)[0m  [1m[32mINSERT INTO "ar_internal_metadata" ("key", "value", "created_at", "updated_at") VALUES ($1, $2, $3, $4) RETURNING "key"[0m  [["key", "environment"], ["value", "development"], ["created_at", "2018-12-26 22:08:43.688951"], ["updated_at", "2018-12-26 22:08:43.688951"]]
  ↳ /home/marviorocha/.rvm/gems/ruby-2.5.3/bin/rake:23
  [1m[35m (0.3ms)[0m  [1m[35mCOMMIT[0m
  ↳ /home/marviorocha/.rvm/gems/ruby-2.5.3/bin/rake:23
  [1m[35m (0.2ms)[0m  [1m[34mSELECT pg_advisory_unlock(3177143523758498805)[0m
  ↳ /home/marviorocha/.rvm/gems/ruby-2.5.3/bin/rake:23
  [1m[35m (0.3ms)[0m  [1m[34mSELECT "schema_migrations"."version" FROM "schema_migrations" ORDER BY "schema_migrations"."version" ASC[0m
  ↳ /home/marviorocha/.rvm/gems/ruby-2.5.3/bin/rake:23
Started GET "/" for 127.0.0.1 at 2018-12-26 20:08:56 -0200
  [1m[35m (0.7ms)[0m  [1m[34mSELECT "schema_migrations"."version" FROM "schema_migrations" ORDER BY "schema_migrations"."version" ASC[0m
  ↳ /home/marviorocha/.rvm/gems/ruby-2.5.3/gems/activerecord-5.2.2/lib/active_record/log_subscriber.rb:98
Processing by PagesController#welcome as HTML
Completed 401 Unauthorized in 20ms (ActiveRecord: 0.0ms)


Started GET "/users/sign_in" for 127.0.0.1 at 2018-12-26 20:08:57 -0200
Processing by Devise::SessionsController#new as HTML
  Rendering devise/sessions/new.html.erb within layouts/application
  Rendered devise/shared/_links.html.erb (2.1ms)
  Rendered devise/sessions/new.html.erb within layouts/application (12.2ms)
Completed 500 Internal Server Error in 284ms (ActiveRecord: 5.1ms)


  
ActionView::Template::Error (couldn't find file 'dropzone/dist/min/dropzone.min' with type 'text/css'
Checked in these paths: 
  /home/marviorocha/www/cartaomaispet/app/assets/config
  /home/marviorocha/www/cartaomaispet/app/assets/images
  /home/marviorocha/www/cartaomaispet/app/assets/javascripts
  /home/marviorocha/www/cartaomaispet/app/assets/stylesheets
  /home/marviorocha/.rvm/gems/ruby-2.5.3/gems/coffee-rails-4.2.2/lib/assets/javascripts
  /home/marviorocha/.rvm/gems/ruby-2.5.3/gems/actioncable-5.2.2/lib/assets/compiled
  /home/marviorocha/.rvm/gems/ruby-2.5.3/gems/activestorage-5.2.2/app/assets/javascripts
  /home/marviorocha/.rvm/gems/ruby-2.5.3/gems/actionview-5.2.2/lib/assets/compiled
  /home/marviorocha/.rvm/gems/ruby-2.5.3/gems/turbolinks-source-5.2.0/lib/assets/javascripts
  /home/marviorocha/www/cartaomaispet/node_modules):
     6:   <%= csp_meta_tag %>
     7: 
     8: <link href="https://fonts.googleapis.com/icon?family=Material+Icons" rel="stylesheet">
     9: <%= stylesheet_link_tag    "application", :media => "all" %>
    10: <!-- Compiled and minified JavaScript -->
    11: 
    12: <meta name="viewport" content="width=device-width, initial-scale=1.0"/>
  
app/assets/stylesheets/application.scss:15
app/views/layouts/application.html.erb:9:in `_app_views_layouts_application_html_erb___2727118700684920978_70134273861820'
Started GET "/users/sign_in" for 127.0.0.1 at 2018-12-26 20:48:51 -0200
  [1m[35m (2.3ms)[0m  [1m[34mSELECT "schema_migrations"."version" FROM "schema_migrations" ORDER BY "schema_migrations"."version" ASC[0m
  ↳ /home/marviorocha/.rvm/gems/ruby-2.5.3/gems/activerecord-5.2.2/lib/active_record/log_subscriber.rb:98
Processing by Devise::SessionsController#new as HTML
  Rendering devise/sessions/new.html.erb within layouts/application
  Rendered devise/shared/_links.html.erb (6.6ms)
  Rendered devise/sessions/new.html.erb within layouts/application (14.3ms)
Completed 500 Internal Server Error in 308ms (ActiveRecord: 8.8ms)


  
ActionView::Template::Error (couldn't find file 'dropzone/dist/min/dropzone.min' with type 'text/css'
Checked in these paths: 
  /home/marviorocha/www/cartaomaispet/app/assets/config
  /home/marviorocha/www/cartaomaispet/app/assets/images
  /home/marviorocha/www/cartaomaispet/app/assets/javascripts
  /home/marviorocha/www/cartaomaispet/app/assets/stylesheets
  /home/marviorocha/.rvm/gems/ruby-2.5.3/gems/coffee-rails-4.2.2/lib/assets/javascripts
  /home/marviorocha/.rvm/gems/ruby-2.5.3/gems/actioncable-5.2.2/lib/assets/compiled
  /home/marviorocha/.rvm/gems/ruby-2.5.3/gems/activestorage-5.2.2/app/assets/javascripts
  /home/marviorocha/.rvm/gems/ruby-2.5.3/gems/actionview-5.2.2/lib/assets/compiled
  /home/marviorocha/.rvm/gems/ruby-2.5.3/gems/turbolinks-source-5.2.0/lib/assets/javascripts
  /home/marviorocha/www/cartaomaispet/node_modules):
     6:   <%= csp_meta_tag %>
     7: 
     8: <link href="https://fonts.googleapis.com/icon?family=Material+Icons" rel="stylesheet">
     9: <%= stylesheet_link_tag    "application", :media => "all" %>
    10: <!-- Compiled and minified JavaScript -->
    11: 
    12: <meta name="viewport" content="width=device-width, initial-scale=1.0"/>
  
app/assets/stylesheets/application.scss:15
app/views/layouts/application.html.erb:9:in `_app_views_layouts_application_html_erb___677819614221644167_47229889253200'
Started GET "/users/sign_in" for 127.0.0.1 at 2018-12-26 20:55:41 -0200
  [1m[35m (3.6ms)[0m  [1m[34mSELECT "schema_migrations"."version" FROM "schema_migrations" ORDER BY "schema_migrations"."version" ASC[0m
  ↳ /home/marviorocha/.rvm/gems/ruby-2.5.3/gems/activerecord-5.2.2/lib/active_record/log_subscriber.rb:98
Processing by Devise::SessionsController#new as HTML
  Rendering devise/sessions/new.html.erb within layouts/application
  Rendered devise/shared/_links.html.erb (1.6ms)
  Rendered devise/sessions/new.html.erb within layouts/application (8.8ms)
Completed 500 Internal Server Error in 297ms (ActiveRecord: 11.5ms)


  
ActionView::Template::Error (couldn't find file 'materialize-css/sass/materialize' with type 'text/css'
Checked in these paths: 
  /home/marviorocha/www/cartaomaispet/app/assets/config
  /home/marviorocha/www/cartaomaispet/app/assets/images
  /home/marviorocha/www/cartaomaispet/app/assets/javascripts
  /home/marviorocha/www/cartaomaispet/app/assets/stylesheets
  /home/marviorocha/.rvm/gems/ruby-2.5.3/gems/coffee-rails-4.2.2/lib/assets/javascripts
  /home/marviorocha/.rvm/gems/ruby-2.5.3/gems/actioncable-5.2.2/lib/assets/compiled
  /home/marviorocha/.rvm/gems/ruby-2.5.3/gems/activestorage-5.2.2/app/assets/javascripts
  /home/marviorocha/.rvm/gems/ruby-2.5.3/gems/actionview-5.2.2/lib/assets/compiled
  /home/marviorocha/.rvm/gems/ruby-2.5.3/gems/turbolinks-source-5.2.0/lib/assets/javascripts
  /home/marviorocha/www/cartaomaispet/node_modules):
     6:   <%= csp_meta_tag %>
     7: 
     8: <link href="https://fonts.googleapis.com/icon?family=Material+Icons" rel="stylesheet">
     9: <%= stylesheet_link_tag    "application", :media => "all" %>
    10: <!-- Compiled and minified JavaScript -->
    11: 
    12: <meta name="viewport" content="width=device-width, initial-scale=1.0"/>
  
app/assets/stylesheets/application.scss:16
app/views/layouts/application.html.erb:9:in `_app_views_layouts_application_html_erb__1362824958764696385_47139915569000'
Started GET "/users/sign_in" for 127.0.0.1 at 2018-12-26 20:55:59 -0200
  [1m[35m (0.5ms)[0m  [1m[34mSELECT "schema_migrations"."version" FROM "schema_migrations" ORDER BY "schema_migrations"."version" ASC[0m
  ↳ /home/marviorocha/.rvm/gems/ruby-2.5.3/gems/activerecord-5.2.2/lib/active_record/log_subscriber.rb:98
Processing by Devise::SessionsController#new as HTML
  Rendering devise/sessions/new.html.erb within layouts/application
  Rendered devise/shared/_links.html.erb (1.7ms)
  Rendered devise/sessions/new.html.erb within layouts/application (24.1ms)
Completed 500 Internal Server Error in 274ms (ActiveRecord: 4.6ms)


  
ActionView::Template::Error (couldn't find file 'materialize-css/sass/materialize' with type 'text/css'
Checked in these paths: 
  /home/marviorocha/www/cartaomaispet/app/assets/config
  /home/marviorocha/www/cartaomaispet/app/assets/images
  /home/marviorocha/www/cartaomaispet/app/assets/javascripts
  /home/marviorocha/www/cartaomaispet/app/assets/stylesheets
  /home/marviorocha/.rvm/gems/ruby-2.5.3/gems/coffee-rails-4.2.2/lib/assets/javascripts
  /home/marviorocha/.rvm/gems/ruby-2.5.3/gems/actioncable-5.2.2/lib/assets/compiled
  /home/marviorocha/.rvm/gems/ruby-2.5.3/gems/activestorage-5.2.2/app/assets/javascripts
  /home/marviorocha/.rvm/gems/ruby-2.5.3/gems/actionview-5.2.2/lib/assets/compiled
  /home/marviorocha/.rvm/gems/ruby-2.5.3/gems/turbolinks-source-5.2.0/lib/assets/javascripts
  /home/marviorocha/www/cartaomaispet/node_modules):
     6:   <%= csp_meta_tag %>
     7: 
     8: <link href="https://fonts.googleapis.com/icon?family=Material+Icons" rel="stylesheet">
     9: <%= stylesheet_link_tag    "application", :media => "all" %>
    10: <!-- Compiled and minified JavaScript -->
    11: 
    12: <meta name="viewport" content="width=device-width, initial-scale=1.0"/>
  
app/assets/stylesheets/application.scss:16
app/views/layouts/application.html.erb:9:in `_app_views_layouts_application_html_erb___3079414944517982552_47436811360020'
Started GET "/users/sign_in" for 127.0.0.1 at 2018-12-26 21:14:25 -0200
  [1m[35m (2.2ms)[0m  [1m[34mSELECT "schema_migrations"."version" FROM "schema_migrations" ORDER BY "schema_migrations"."version" ASC[0m
  ↳ /home/marviorocha/.rvm/gems/ruby-2.5.3/gems/activerecord-5.2.2/lib/active_record/log_subscriber.rb:98
Processing by Devise::SessionsController#new as HTML
  Rendering devise/sessions/new.html.erb within layouts/application
  Rendered devise/shared/_links.html.erb (8.2ms)
  Rendered devise/sessions/new.html.erb within layouts/application (30.3ms)
Completed 500 Internal Server Error in 280ms (ActiveRecord: 4.6ms)


  
ActionView::Template::Error (couldn't find file 'materialize-css/sass/materialize' with type 'text/css'
Checked in these paths: 
  /home/marviorocha/www/cartaomaispet/app/assets/config
  /home/marviorocha/www/cartaomaispet/app/assets/images
  /home/marviorocha/www/cartaomaispet/app/assets/javascripts
  /home/marviorocha/www/cartaomaispet/app/assets/stylesheets
  /home/marviorocha/.rvm/gems/ruby-2.5.3/gems/coffee-rails-4.2.2/lib/assets/javascripts
  /home/marviorocha/.rvm/gems/ruby-2.5.3/gems/actioncable-5.2.2/lib/assets/compiled
  /home/marviorocha/.rvm/gems/ruby-2.5.3/gems/activestorage-5.2.2/app/assets/javascripts
  /home/marviorocha/.rvm/gems/ruby-2.5.3/gems/actionview-5.2.2/lib/assets/compiled
  /home/marviorocha/.rvm/gems/ruby-2.5.3/gems/turbolinks-source-5.2.0/lib/assets/javascripts
  /home/marviorocha/www/cartaomaispet/node_modules):
     6:   <%= csp_meta_tag %>
     7: 
     8: <link href="https://fonts.googleapis.com/icon?family=Material+Icons" rel="stylesheet">
     9: <%= stylesheet_link_tag    "application", :media => "all" %>
    10: <!-- Compiled and minified JavaScript -->
    11: 
    12: <meta name="viewport" content="width=device-width, initial-scale=1.0"/>
  
app/assets/stylesheets/application.scss:16
app/views/layouts/application.html.erb:9:in `_app_views_layouts_application_html_erb__2822561397594364377_46931170798600'
Started GET "/users/sign_in" for 127.0.0.1 at 2018-12-26 21:36:15 -0200
Processing by Devise::SessionsController#new as HTML
  Rendering devise/sessions/new.html.erb within layouts/application
  Rendered devise/shared/_links.html.erb (1.4ms)
  Rendered devise/sessions/new.html.erb within layouts/application (6.6ms)
Completed 500 Internal Server Error in 23ms (ActiveRecord: 0.0ms)


  
ActionView::Template::Error (couldn't find file 'materialize/sass/materialize' with type 'text/css'
Checked in these paths: 
  /home/marviorocha/www/cartaomaispet/app/assets/config
  /home/marviorocha/www/cartaomaispet/app/assets/images
  /home/marviorocha/www/cartaomaispet/app/assets/javascripts
  /home/marviorocha/www/cartaomaispet/app/assets/stylesheets
  /home/marviorocha/.rvm/gems/ruby-2.5.3/gems/coffee-rails-4.2.2/lib/assets/javascripts
  /home/marviorocha/.rvm/gems/ruby-2.5.3/gems/actioncable-5.2.2/lib/assets/compiled
  /home/marviorocha/.rvm/gems/ruby-2.5.3/gems/activestorage-5.2.2/app/assets/javascripts
  /home/marviorocha/.rvm/gems/ruby-2.5.3/gems/actionview-5.2.2/lib/assets/compiled
  /home/marviorocha/.rvm/gems/ruby-2.5.3/gems/turbolinks-source-5.2.0/lib/assets/javascripts
  /home/marviorocha/www/cartaomaispet/node_modules):
     6:   <%= csp_meta_tag %>
     7: 
     8: <link href="https://fonts.googleapis.com/icon?family=Material+Icons" rel="stylesheet">
     9: <%= stylesheet_link_tag    "application", :media => "all" %>
    10: <!-- Compiled and minified JavaScript -->
    11: 
    12: <meta name="viewport" content="width=device-width, initial-scale=1.0"/>
  
app/assets/stylesheets/application.scss:16
app/views/layouts/application.html.erb:9:in `_app_views_layouts_application_html_erb__2822561397594364377_69897386703120'
Started GET "/users/sign_in" for 127.0.0.1 at 2018-12-26 21:38:13 -0200
  [1m[35m (1.4ms)[0m  [1m[34mSELECT "schema_migrations"."version" FROM "schema_migrations" ORDER BY "schema_migrations"."version" ASC[0m
  ↳ /home/marviorocha/.rvm/gems/ruby-2.5.3/gems/activerecord-5.2.2/lib/active_record/log_subscriber.rb:98
Processing by Devise::SessionsController#new as HTML
  Rendering devise/sessions/new.html.erb within layouts/application
  Rendered devise/shared/_links.html.erb (5.2ms)
  Rendered devise/sessions/new.html.erb within layouts/application (19.1ms)
Started GET "/users/sign_in" for 127.0.0.1 at 2018-12-26 21:38:15 -0200
Processing by Devise::SessionsController#new as HTML
  Rendering devise/sessions/new.html.erb within layouts/application
  Rendered devise/shared/_links.html.erb (1.5ms)
  Rendered devise/sessions/new.html.erb within layouts/application (4.3ms)
  Rendered layouts/parts/_menu.html.erb (2.4ms)
  Rendered layouts/parts/_footer.html.erb (0.5ms)
  Rendered layouts/parts/_menu.html.erb (3.6ms)
  Rendered layouts/parts/_footer.html.erb (0.6ms)
Completed 200 OK in 7697ms (Views: 7695.6ms | ActiveRecord: 0.0ms)


Completed 200 OK in 9104ms (Views: 9055.4ms | ActiveRecord: 6.9ms)


Started GET "/users/sign_up" for 127.0.0.1 at 2018-12-26 21:38:27 -0200
Processing by Devise::RegistrationsController#new as HTML
  Rendering devise/registrations/new.html.erb within layouts/application
  Rendered devise/shared/_links.html.erb (2.4ms)
  Rendered devise/registrations/new.html.erb within layouts/application (12.8ms)
  Rendered layouts/parts/_menu.html.erb (3.4ms)
  Rendered layouts/parts/_footer.html.erb (0.5ms)
Completed 200 OK in 128ms (Views: 126.2ms | ActiveRecord: 0.0ms)


Started GET "/users/sign_in" for 127.0.0.1 at 2018-12-26 21:38:29 -0200
Processing by Devise::SessionsController#new as HTML
  Rendering devise/sessions/new.html.erb within layouts/application
  Rendered devise/shared/_links.html.erb (5.3ms)
  Rendered devise/sessions/new.html.erb within layouts/application (8.2ms)
  Rendered layouts/parts/_menu.html.erb (3.7ms)
  Rendered layouts/parts/_footer.html.erb (2.0ms)
Completed 200 OK in 140ms (Views: 137.7ms | ActiveRecord: 0.0ms)


Started GET "/" for 127.0.0.1 at 2018-12-28 17:30:06 -0200
  [1m[35m (1.1ms)[0m  [1m[34mSELECT "schema_migrations"."version" FROM "schema_migrations" ORDER BY "schema_migrations"."version" ASC[0m
  ↳ /home/marviorocha/.rvm/gems/ruby-2.6.0/gems/activerecord-5.2.2/lib/active_record/log_subscriber.rb:98
Processing by PagesController#welcome as HTML
Completed 401 Unauthorized in 24ms (ActiveRecord: 0.0ms)


Started GET "/users/sign_in" for 127.0.0.1 at 2018-12-28 17:30:07 -0200
Processing by Devise::SessionsController#new as HTML
  Rendering devise/sessions/new.html.erb within layouts/application
  Rendered devise/shared/_links.html.erb (1.1ms)
  Rendered devise/sessions/new.html.erb within layouts/application (16.2ms)
  Rendered layouts/parts/_menu.html.erb (2.2ms)
  Rendered layouts/parts/_footer.html.erb (0.5ms)
Completed 200 OK in 2461ms (Views: 2425.3ms | ActiveRecord: 10.5ms)


Started GET "/users/sign_in" for 127.0.0.1 at 2018-12-28 17:38:58 -0200
  [1m[35m (0.7ms)[0m  [1m[34mSELECT "schema_migrations"."version" FROM "schema_migrations" ORDER BY "schema_migrations"."version" ASC[0m
  ↳ /home/marviorocha/.rvm/gems/ruby-2.6.0/gems/activerecord-5.2.2/lib/active_record/log_subscriber.rb:98
Processing by Devise::SessionsController#new as HTML
  Rendering devise/sessions/new.html.erb within layouts/application
  Rendered devise/shared/_links.html.erb (1.5ms)
  Rendered devise/sessions/new.html.erb within layouts/application (9.6ms)
  Rendered layouts/parts/_menu.html.erb (5.8ms)
  Rendered layouts/parts/_footer.html.erb (0.5ms)
Completed 200 OK in 526ms (Views: 486.3ms | ActiveRecord: 10.6ms)


Started GET "/users/sign_up" for 127.0.0.1 at 2018-12-28 17:39:01 -0200
Processing by Devise::RegistrationsController#new as HTML
  Rendering devise/registrations/new.html.erb within layouts/application
  Rendered devise/shared/_links.html.erb (2.0ms)
  Rendered devise/registrations/new.html.erb within layouts/application (7.4ms)
  Rendered layouts/parts/_menu.html.erb (2.5ms)
  Rendered layouts/parts/_footer.html.erb (1.3ms)
Completed 200 OK in 128ms (Views: 123.2ms | ActiveRecord: 0.0ms)


Started POST "/users" for 127.0.0.1 at 2018-12-28 17:39:02 -0200
Processing by Devise::RegistrationsController#create as HTML
  Parameters: {"utf8"=>"✓", "authenticity_token"=>"ult4eglHQVCff0v4YvYAsU80GbpVXRM4cUHKy6fNqvuEyq/nKeKQsfa886o7wvD+iX/bykdztYWYzTwCNZerOA==", "user"=>{"name"=>"", "last_name"=>"", "email"=>"", "password"=>"[FILTERED]", "password_confirmation"=>"[FILTERED]", "role"=>"user"}}
  [1m[35m (0.2ms)[0m  [1m[35mBEGIN[0m
  ↳ /home/marviorocha/.rvm/gems/ruby-2.6.0/gems/activerecord-5.2.2/lib/active_record/log_subscriber.rb:98
  [1m[35m (0.2ms)[0m  [1m[31mROLLBACK[0m
  ↳ /home/marviorocha/.rvm/gems/ruby-2.6.0/gems/activerecord-5.2.2/lib/active_record/log_subscriber.rb:98
  Rendering devise/registrations/new.html.erb within layouts/application
  Rendered devise/shared/_links.html.erb (0.9ms)
  Rendered devise/registrations/new.html.erb within layouts/application (5.3ms)
  Rendered layouts/parts/_menu.html.erb (1.3ms)
  Rendered layouts/parts/_footer.html.erb (0.3ms)
Completed 200 OK in 226ms (Views: 175.9ms | ActiveRecord: 0.4ms)


